main]:[2020-12-03 17:31:33,713] Exception:
java.lang.NumberFormatException: For input string: "Z"
	at java.base/java.lang.NumberFormatException.forInputString(NumberFormatException.java:68)
	at java.base/java.lang.Integer.parseInt(Integer.java:652)
	at java.base/java.lang.Integer.parseInt(Integer.java:770)
	at LuseDma.ussd.helpers.USSDSession.setSessionLevelOption(USSDSession.java:120)
	at LuseDma.ussd.handlers.USSDEngineCoreHandler.runUSSDSession(USSDEngineCoreHandler.java:80)
	at LuseDma.ussd.handlers.USSDEngineCoreHandler.runMSISDNServiceContinue(USSDEngineCoreHandler.java:70)
	at LuseDma.ussd.handlers.USSDEngineCoreHandler.runUSSDSessionHandler(USSDEngineCoreHandler.java:31)
	at LuseDma.ussd.testers.WIFIUSSDTester.main(WIFIUSSDTester.java:40)
main]:[2020-12-03 17:36:36,708] Exception:
java.lang.NumberFormatException: For input string: "Z"
	at java.base/java.lang.NumberFormatException.forInputString(NumberFormatException.java:68)
	at java.base/java.lang.Integer.parseInt(Integer.java:652)
	at java.base/java.lang.Integer.parseInt(Integer.java:770)
	at LuseDma.ussd.helpers.USSDSession.setSessionLevelOption(USSDSession.java:120)
	at LuseDma.ussd.handlers.USSDEngineCoreHandler.runUSSDSession(USSDEngineCoreHandler.java:80)
	at LuseDma.ussd.handlers.USSDEngineCoreHandler.runMSISDNServiceContinue(USSDEngineCoreHandler.java:70)
	at LuseDma.ussd.handlers.USSDEngineCoreHandler.runUSSDSessionHandler(USSDEngineCoreHandler.java:31)
	at LuseDma.ussd.testers.WIFIUSSDTester.main(WIFIUSSDTester.java:40)
main]:[2020-12-04 10:17:38,812] Exception:
java.lang.NumberFormatException: For input string: "13.0"
	at java.base/java.lang.NumberFormatException.forInputString(NumberFormatException.java:68)
	at java.base/java.lang.Integer.parseInt(Integer.java:652)
	at java.base/java.lang.Integer.parseInt(Integer.java:770)
	at LuseDma.ussd.views.SecurityExploreView.getSecurityDetailsHeader(SecurityExploreView.java:91)
	at LuseDma.ussd.handlers.SecuritiesListHandler.securityDetails(SecuritiesListHandler.java:96)
	at LuseDma.ussd.handlers.SecuritiesListHandler.runSession(SecuritiesListHandler.java:83)
	at LuseDma.ussd.handlers.SecuritiesExploreHandler.runOptionSelectedHandler(SecuritiesExploreHandler.java:46)
	at LuseDma.ussd.handlers.SecuritiesExploreHandler.runSession(SecuritiesExploreHandler.java:30)
	at LuseDma.ussd.handlers.SecuritiesMenuHandler.runOptionSelectedHandler(SecuritiesMenuHandler.java:39)
	at LuseDma.ussd.handlers.SecuritiesMenuHandler.runSession(SecuritiesMenuHandler.java:28)
	at LuseDma.ussd.handlers.MainMenuHandler.runOptionSelectedHandler(MainMenuHandler.java:42)
	at LuseDma.ussd.handlers.MainMenuHandler.runSession(MainMenuHandler.java:31)
	at LuseDma.ussd.handlers.USSDEngineCoreHandler.runUSSDSession(USSDEngineCoreHandler.java:82)
	at LuseDma.ussd.handlers.USSDEngineCoreHandler.runMSISDNServiceContinue(USSDEngineCoreHandler.java:70)
	at LuseDma.ussd.handlers.USSDEngineCoreHandler.runUSSDSessionHandler(USSDEngineCoreHandler.java:31)
	at LuseDma.ussd.testers.WIFIUSSDTester.main(WIFIUSSDTester.java:40)
main]:[2020-12-04 10:19:22,992] Exception:
java.lang.NumberFormatException: For input string: "13.0"
	at java.base/java.lang.NumberFormatException.forInputString(NumberFormatException.java:68)
	at java.base/java.lang.Integer.parseInt(Integer.java:652)
	at java.base/java.lang.Integer.parseInt(Integer.java:770)
	at LuseDma.ussd.views.SecurityExploreView.getSecurityDetailsHeader(SecurityExploreView.java:91)
	at LuseDma.ussd.handlers.SecuritiesListHandler.securityDetails(SecuritiesListHandler.java:96)
	at LuseDma.ussd.handlers.SecuritiesListHandler.runSession(SecuritiesListHandler.java:83)
	at LuseDma.ussd.handlers.SecuritiesExploreHandler.runOptionSelectedHandler(SecuritiesExploreHandler.java:46)
	at LuseDma.ussd.handlers.SecuritiesExploreHandler.runSession(SecuritiesExploreHandler.java:30)
	at LuseDma.ussd.handlers.SecuritiesMenuHandler.runOptionSelectedHandler(SecuritiesMenuHandler.java:39)
	at LuseDma.ussd.handlers.SecuritiesMenuHandler.runSession(SecuritiesMenuHandler.java:28)
	at LuseDma.ussd.handlers.MainMenuHandler.runOptionSelectedHandler(MainMenuHandler.java:42)
	at LuseDma.ussd.handlers.MainMenuHandler.runSession(MainMenuHandler.java:31)
	at LuseDma.ussd.handlers.USSDEngineCoreHandler.runUSSDSession(USSDEngineCoreHandler.java:82)
	at LuseDma.ussd.handlers.USSDEngineCoreHandler.runMSISDNServiceContinue(USSDEngineCoreHandler.java:70)
	at LuseDma.ussd.handlers.USSDEngineCoreHandler.runUSSDSessionHandler(USSDEngineCoreHandler.java:31)
	at LuseDma.ussd.testers.WIFIUSSDTester.main(WIFIUSSDTester.java:40)
main]:[2020-12-04 10:54:16,989] Exception:
java.lang.IllegalArgumentException: Cannot format given Object as a Number
	at java.base/java.text.DecimalFormat.format(DecimalFormat.java:515)
	at java.base/java.text.Format.format(Format.java:159)
	at LuseDma.ussd.views.SecurityExploreView.confirmOrder(SecurityExploreView.java:253)
	at LuseDma.ussd.handlers.SecuritiesListHandler.orderConfirm(SecuritiesListHandler.java:247)
	at LuseDma.ussd.handlers.SecuritiesListHandler.securityPrice(SecuritiesListHandler.java:233)
	at LuseDma.ussd.handlers.SecuritiesListHandler.securityVolume(SecuritiesListHandler.java:193)
	at LuseDma.ussd.handlers.SecuritiesListHandler.clientBrokers(SecuritiesListHandler.java:169)
	at LuseDma.ussd.handlers.SecuritiesListHandler.securityDetails(SecuritiesListHandler.java:129)
	at LuseDma.ussd.handlers.SecuritiesListHandler.runSession(SecuritiesListHandler.java:90)
	at LuseDma.ussd.handlers.SecuritiesExploreHandler.runOptionSelectedHandler(SecuritiesExploreHandler.java:46)
	at LuseDma.ussd.handlers.SecuritiesExploreHandler.runSession(SecuritiesExploreHandler.java:30)
	at LuseDma.ussd.handlers.SecuritiesMenuHandler.runOptionSelectedHandler(SecuritiesMenuHandler.java:39)
	at LuseDma.ussd.handlers.SecuritiesMenuHandler.runSession(SecuritiesMenuHandler.java:28)
	at LuseDma.ussd.handlers.MainMenuHandler.runOptionSelectedHandler(MainMenuHandler.java:42)
	at LuseDma.ussd.handlers.MainMenuHandler.runSession(MainMenuHandler.java:31)
	at LuseDma.ussd.handlers.USSDEngineCoreHandler.runUSSDSession(USSDEngineCoreHandler.java:82)
	at LuseDma.ussd.handlers.USSDEngineCoreHandler.runMSISDNServiceContinue(USSDEngineCoreHandler.java:70)
	at LuseDma.ussd.handlers.USSDEngineCoreHandler.runUSSDSessionHandler(USSDEngineCoreHandler.java:31)
	at LuseDma.ussd.testers.WIFIUSSDTester.main(WIFIUSSDTester.java:40)
main]:[2020-12-04 14:56:16,489] Exception:
java.lang.NumberFormatException: For input string: "Z"
	at java.base/java.lang.NumberFormatException.forInputString(NumberFormatException.java:68)
	at java.base/java.lang.Integer.parseInt(Integer.java:652)
	at java.base/java.lang.Integer.parseInt(Integer.java:770)
	at LuseDma.ussd.helpers.USSDSession.setSessionLevelOption(USSDSession.java:120)
	at LuseDma.ussd.handlers.USSDEngineCoreHandler.runUSSDSession(USSDEngineCoreHandler.java:80)
	at LuseDma.ussd.handlers.USSDEngineCoreHandler.runMSISDNServiceContinue(USSDEngineCoreHandler.java:70)
	at LuseDma.ussd.handlers.USSDEngineCoreHandler.runUSSDSessionHandler(USSDEngineCoreHandler.java:31)
	at LuseDma.ussd.testers.WIFIUSSDTester.main(WIFIUSSDTester.java:40)
main]:[2020-12-04 14:58:52,073] Exception:
java.lang.NumberFormatException: For input string: "R"
	at java.base/java.lang.NumberFormatException.forInputString(NumberFormatException.java:68)
	at java.base/java.lang.Integer.parseInt(Integer.java:652)
	at java.base/java.lang.Integer.parseInt(Integer.java:770)
	at LuseDma.ussd.helpers.USSDSession.setSessionLevelOption(USSDSession.java:120)
	at LuseDma.ussd.handlers.USSDEngineCoreHandler.runUSSDSession(USSDEngineCoreHandler.java:80)
	at LuseDma.ussd.handlers.USSDEngineCoreHandler.runMSISDNServiceContinue(USSDEngineCoreHandler.java:70)
	at LuseDma.ussd.handlers.USSDEngineCoreHandler.runUSSDSessionHandler(USSDEngineCoreHandler.java:31)
	at LuseDma.ussd.testers.WIFIUSSDTester.main(WIFIUSSDTester.java:40)
main]:[2020-12-04 15:05:59,923] Exception:
java.lang.NumberFormatException: For input string: "R"
	at java.base/java.lang.NumberFormatException.forInputString(NumberFormatException.java:68)
	at java.base/java.lang.Integer.parseInt(Integer.java:652)
	at java.base/java.lang.Integer.parseInt(Integer.java:770)
	at LuseDma.ussd.helpers.USSDSession.setSessionLevelOption(USSDSession.java:120)
	at LuseDma.ussd.handlers.USSDEngineCoreHandler.runUSSDSession(USSDEngineCoreHandler.java:80)
	at LuseDma.ussd.handlers.USSDEngineCoreHandler.runMSISDNServiceContinue(USSDEngineCoreHandler.java:70)
	at LuseDma.ussd.handlers.USSDEngineCoreHandler.runUSSDSessionHandler(USSDEngineCoreHandler.java:31)
	at LuseDma.ussd.testers.WIFIUSSDTester.main(WIFIUSSDTester.java:40)
main]:[2020-12-04 15:10:02,190] Exception:
java.lang.NumberFormatException: For input string: "A"
	at java.base/java.lang.NumberFormatException.forInputString(NumberFormatException.java:68)
	at java.base/java.lang.Integer.parseInt(Integer.java:652)
	at java.base/java.lang.Integer.parseInt(Integer.java:770)
	at LuseDma.ussd.helpers.USSDSession.setSessionLevelOption(USSDSession.java:120)
	at LuseDma.ussd.handlers.USSDEngineCoreHandler.runUSSDSession(USSDEngineCoreHandler.java:80)
	at LuseDma.ussd.handlers.USSDEngineCoreHandler.runMSISDNServiceContinue(USSDEngineCoreHandler.java:70)
	at LuseDma.ussd.handlers.USSDEngineCoreHandler.runUSSDSessionHandler(USSDEngineCoreHandler.java:31)
	at LuseDma.ussd.testers.WIFIUSSDTester.main(WIFIUSSDTester.java:40)
main]:[2020-12-04 15:28:16,052] Exception:
java.lang.NumberFormatException: For input string: "A"
	at java.base/java.lang.NumberFormatException.forInputString(NumberFormatException.java:68)
	at java.base/java.lang.Integer.parseInt(Integer.java:652)
	at java.base/java.lang.Integer.parseInt(Integer.java:770)
	at LuseDma.ussd.helpers.USSDSession.setSessionLevelOption(USSDSession.java:120)
	at LuseDma.ussd.handlers.USSDEngineCoreHandler.runUSSDSession(USSDEngineCoreHandler.java:80)
	at LuseDma.ussd.handlers.USSDEngineCoreHandler.runMSISDNServiceContinue(USSDEngineCoreHandler.java:70)
	at LuseDma.ussd.handlers.USSDEngineCoreHandler.runUSSDSessionHandler(USSDEngineCoreHandler.java:31)
	at LuseDma.ussd.testers.WIFIUSSDTester.main(WIFIUSSDTester.java:40)
main]:[2020-12-04 15:29:52,559] Exception:
java.lang.NumberFormatException: For input string: "A"
	at java.base/java.lang.NumberFormatException.forInputString(NumberFormatException.java:68)
	at java.base/java.lang.Integer.parseInt(Integer.java:652)
	at java.base/java.lang.Integer.parseInt(Integer.java:770)
	at LuseDma.ussd.helpers.USSDSession.setSessionLevelOption(USSDSession.java:120)
	at LuseDma.ussd.handlers.USSDEngineCoreHandler.runUSSDSession(USSDEngineCoreHandler.java:80)
	at LuseDma.ussd.handlers.USSDEngineCoreHandler.runMSISDNServiceContinue(USSDEngineCoreHandler.java:70)
	at LuseDma.ussd.handlers.USSDEngineCoreHandler.runUSSDSessionHandler(USSDEngineCoreHandler.java:31)
	at LuseDma.ussd.testers.WIFIUSSDTester.main(WIFIUSSDTester.java:40)
main]:[2020-12-04 15:35:01,552] Exception:
java.lang.NumberFormatException: For input string: "A"
	at java.base/java.lang.NumberFormatException.forInputString(NumberFormatException.java:68)
	at java.base/java.lang.Integer.parseInt(Integer.java:652)
	at java.base/java.lang.Integer.parseInt(Integer.java:770)
	at LuseDma.ussd.helpers.USSDSession.setSessionLevelOption(USSDSession.java:120)
	at LuseDma.ussd.handlers.USSDEngineCoreHandler.runUSSDSession(USSDEngineCoreHandler.java:80)
	at LuseDma.ussd.handlers.USSDEngineCoreHandler.runMSISDNServiceContinue(USSDEngineCoreHandler.java:70)
	at LuseDma.ussd.handlers.USSDEngineCoreHandler.runUSSDSessionHandler(USSDEngineCoreHandler.java:31)
	at LuseDma.ussd.testers.WIFIUSSDTester.main(WIFIUSSDTester.java:40)
main]:[2020-12-04 15:43:17,155] Exception:
java.lang.NumberFormatException: For input string: "A"
	at java.base/java.lang.NumberFormatException.forInputString(NumberFormatException.java:68)
	at java.base/java.lang.Integer.parseInt(Integer.java:652)
	at java.base/java.lang.Integer.parseInt(Integer.java:770)
	at LuseDma.ussd.helpers.USSDSession.setSessionLevelOption(USSDSession.java:120)
	at LuseDma.ussd.handlers.USSDEngineCoreHandler.runUSSDSession(USSDEngineCoreHandler.java:80)
	at LuseDma.ussd.handlers.USSDEngineCoreHandler.runMSISDNServiceContinue(USSDEngineCoreHandler.java:70)
	at LuseDma.ussd.handlers.USSDEngineCoreHandler.runUSSDSessionHandler(USSDEngineCoreHandler.java:31)
	at LuseDma.ussd.testers.WIFIUSSDTester.main(WIFIUSSDTester.java:40)
main]:[2020-12-04 15:47:10,690] Exception:
java.lang.NumberFormatException: For input string: "A"
	at java.base/java.lang.NumberFormatException.forInputString(NumberFormatException.java:68)
	at java.base/java.lang.Integer.parseInt(Integer.java:652)
	at java.base/java.lang.Integer.parseInt(Integer.java:770)
	at LuseDma.ussd.helpers.USSDSession.setSessionLevelOption(USSDSession.java:120)
	at LuseDma.ussd.handlers.USSDEngineCoreHandler.runUSSDSession(USSDEngineCoreHandler.java:80)
	at LuseDma.ussd.handlers.USSDEngineCoreHandler.runMSISDNServiceContinue(USSDEngineCoreHandler.java:70)
	at LuseDma.ussd.handlers.USSDEngineCoreHandler.runUSSDSessionHandler(USSDEngineCoreHandler.java:31)
	at LuseDma.ussd.testers.WIFIUSSDTester.main(WIFIUSSDTester.java:40)
main]:[2020-12-04 15:51:17,491] Exception:
java.lang.NumberFormatException: For input string: "A"
	at java.base/java.lang.NumberFormatException.forInputString(NumberFormatException.java:68)
	at java.base/java.lang.Integer.parseInt(Integer.java:652)
	at java.base/java.lang.Integer.parseInt(Integer.java:770)
	at LuseDma.ussd.helpers.USSDSession.setSessionLevelOption(USSDSession.java:120)
	at LuseDma.ussd.handlers.USSDEngineCoreHandler.runUSSDSession(USSDEngineCoreHandler.java:80)
	at LuseDma.ussd.handlers.USSDEngineCoreHandler.runMSISDNServiceContinue(USSDEngineCoreHandler.java:70)
	at LuseDma.ussd.handlers.USSDEngineCoreHandler.runUSSDSessionHandler(USSDEngineCoreHandler.java:31)
	at LuseDma.ussd.testers.WIFIUSSDTester.main(WIFIUSSDTester.java:40)
main]:[2020-12-04 15:55:45,257] Exception:
java.lang.NumberFormatException: For input string: "A"
	at java.base/java.lang.NumberFormatException.forInputString(NumberFormatException.java:68)
	at java.base/java.lang.Integer.parseInt(Integer.java:652)
	at java.base/java.lang.Integer.parseInt(Integer.java:770)
	at LuseDma.ussd.helpers.USSDSession.setSessionLevelOption(USSDSession.java:120)
	at LuseDma.ussd.handlers.USSDEngineCoreHandler.runUSSDSession(USSDEngineCoreHandler.java:80)
	at LuseDma.ussd.handlers.USSDEngineCoreHandler.runMSISDNServiceContinue(USSDEngineCoreHandler.java:70)
	at LuseDma.ussd.handlers.USSDEngineCoreHandler.runUSSDSessionHandler(USSDEngineCoreHandler.java:31)
	at LuseDma.ussd.testers.WIFIUSSDTester.main(WIFIUSSDTester.java:40)
main]:[2020-12-04 15:57:37,098] Exception:
java.lang.NumberFormatException: For input string: "a"
	at java.base/java.lang.NumberFormatException.forInputString(NumberFormatException.java:68)
	at java.base/java.lang.Integer.parseInt(Integer.java:652)
	at java.base/java.lang.Integer.parseInt(Integer.java:770)
	at LuseDma.ussd.helpers.USSDSession.setSessionLevelOption(USSDSession.java:120)
	at LuseDma.ussd.handlers.USSDEngineCoreHandler.runUSSDSession(USSDEngineCoreHandler.java:80)
	at LuseDma.ussd.handlers.USSDEngineCoreHandler.runMSISDNServiceContinue(USSDEngineCoreHandler.java:70)
	at LuseDma.ussd.handlers.USSDEngineCoreHandler.runUSSDSessionHandler(USSDEngineCoreHandler.java:31)
	at LuseDma.ussd.testers.WIFIUSSDTester.main(WIFIUSSDTester.java:40)
main]:[2020-12-04 16:06:47,144] MongoDB: failed to connect to MongoDB server /localhost:27017/luse_dma_ussd
java.lang.ClassCastException: class com.mongodb.MongoDatabaseImpl cannot be cast to class com.mongodb.DB (com.mongodb.MongoDatabaseImpl and com.mongodb.DB are in unnamed module of loader 'app')
	at LuseDma.ussd.models.MongoDBOld.<init>(MongoDBOld.java:26)
	at LuseDma.ussd.testers.WIFIUSSDTester.main(WIFIUSSDTester.java:29)
main]:[2020-12-04 16:06:47,165] USSDMongoModel - constructor(): failed to get collection ussd_sessions from MongoDB server /localhost:27017/luse_dma_ussd
java.lang.NullPointerException
	at LuseDma.ussd.models.USSDSessionModel.<init>(USSDSessionModel.java:24)
	at LuseDma.ussd.helpers.USSDSessionHelper.<init>(USSDSessionHelper.java:64)
	at LuseDma.ussd.testers.WIFIUSSDTester.main(WIFIUSSDTester.java:32)
main]:[2020-12-04 16:06:47,170] USSDMongoModel - find(): failed to get collection ussd_sessions from MongoDB server /localhost:27017/luse_dma_ussd
java.lang.NullPointerException
	at LuseDma.ussd.models.USSDSessionModel.exists(USSDSessionModel.java:33)
	at LuseDma.ussd.helpers.USSDSessionHelper.isNotNew(USSDSessionHelper.java:163)
	at LuseDma.ussd.helpers.USSDSessionHelper.saveUSSDSession(USSDSessionHelper.java:144)
	at LuseDma.ussd.handlers.USSDEngineCoreHandler.runUSSDSessionHandler(USSDEngineCoreHandler.java:24)
	at LuseDma.ussd.testers.WIFIUSSDTester.main(WIFIUSSDTester.java:40)
main]:[2020-12-04 16:06:47,187] MongoModel - getCollection():Failed to get collection, unable to get collection ussd_sessions from MongoDB
java.lang.NullPointerException
	at LuseDma.ussd.models.MongoModelOld.getCollection(MongoModelOld.java:33)
	at LuseDma.ussd.helpers.USSDSessionHelper.recordNewUSSDSession(USSDSessionHelper.java:175)
	at LuseDma.ussd.helpers.USSDSessionHelper.saveUSSDSession(USSDSessionHelper.java:147)
	at LuseDma.ussd.handlers.USSDEngineCoreHandler.runUSSDSessionHandler(USSDEngineCoreHandler.java:24)
	at LuseDma.ussd.testers.WIFIUSSDTester.main(WIFIUSSDTester.java:40)
main]:[2020-12-04 16:06:47,189] Exception:
java.lang.RuntimeException: MongoModel - getCollection():Failed to get collection, unable to get collection ussd_sessions from MongoDB
	at LuseDma.ussd.models.MongoModelOld.getCollection(MongoModelOld.java:36)
	at LuseDma.ussd.helpers.USSDSessionHelper.recordNewUSSDSession(USSDSessionHelper.java:175)
	at LuseDma.ussd.helpers.USSDSessionHelper.saveUSSDSession(USSDSessionHelper.java:147)
	at LuseDma.ussd.handlers.USSDEngineCoreHandler.runUSSDSessionHandler(USSDEngineCoreHandler.java:24)
	at LuseDma.ussd.testers.WIFIUSSDTester.main(WIFIUSSDTester.java:40)
main]:[2020-12-04 16:12:49,318] MongoDB: failed to connect to MongoDB server /localhost:27017/luse_dma_ussd
java.lang.ClassCastException: class com.mongodb.MongoDatabaseImpl cannot be cast to class com.mongodb.DB (com.mongodb.MongoDatabaseImpl and com.mongodb.DB are in unnamed module of loader 'app')
	at LuseDma.ussd.models.MongoDBOld.<init>(MongoDBOld.java:29)
	at LuseDma.ussd.testers.WIFIUSSDTester.main(WIFIUSSDTester.java:29)
main]:[2020-12-04 16:12:49,326] MongoModel - constructor():Failed to get Mongo Client/DB/Jongo from MongoDB
java.lang.ClassCastException: class com.mongodb.MongoDatabaseImpl cannot be cast to class com.mongodb.DB (com.mongodb.MongoDatabaseImpl and com.mongodb.DB are in unnamed module of loader 'app')
	at LuseDma.ussd.models.MongoDBOld.getDb(MongoDBOld.java:43)
	at LuseDma.ussd.models.MongoModelOld.<init>(MongoModelOld.java:23)
	at LuseDma.ussd.models.USSDSessionModel.<init>(USSDSessionModel.java:21)
	at LuseDma.ussd.helpers.USSDSessionHelper.<init>(USSDSessionHelper.java:64)
	at LuseDma.ussd.testers.WIFIUSSDTester.main(WIFIUSSDTester.java:32)
main]:[2020-12-08 12:03:28,691] Exception:
java.lang.NullPointerException
	at LuseDma.ussd.handlers.LuseServiceCenter.saveClient(LuseServiceCenter.java:239)
	at LuseDma.ussd.handlers.MainMenuHandler.<init>(MainMenuHandler.java:21)
	at LuseDma.ussd.handlers.USSDEngineCoreHandler.runServiceStart(USSDEngineCoreHandler.java:48)
	at LuseDma.ussd.handlers.USSDEngineCoreHandler.runUSSDSessionHandler(USSDEngineCoreHandler.java:26)
	at LuseDma.ussd.testers.WIFIUSSDTester.main(WIFIUSSDTester.java:38)
main]:[2020-12-10 10:42:02,495] Exception:
java.lang.NullPointerException
	at LuseDma.ussd.views.SecurityExploreView.confirmOrder(SecurityExploreView.java:220)
	at LuseDma.ussd.handlers.SecuritiesListHandler.orderConfirm(SecuritiesListHandler.java:281)
	at LuseDma.ussd.handlers.SecuritiesListHandler.securityPrice(SecuritiesListHandler.java:272)
	at LuseDma.ussd.handlers.SecuritiesListHandler.securityVolume(SecuritiesListHandler.java:227)
	at LuseDma.ussd.handlers.SecuritiesListHandler.clientBrokers(SecuritiesListHandler.java:201)
	at LuseDma.ussd.handlers.SecuritiesListHandler.securityDetails(SecuritiesListHandler.java:163)
	at LuseDma.ussd.handlers.SecuritiesListHandler.runSession(SecuritiesListHandler.java:86)
	at LuseDma.ussd.handlers.SecuritiesExploreHandler.runOptionSelectedHandler(SecuritiesExploreHandler.java:50)
	at LuseDma.ussd.handlers.SecuritiesExploreHandler.runSession(SecuritiesExploreHandler.java:33)
	at LuseDma.ussd.handlers.SecuritiesMenuHandler.runOptionSelectedHandler(SecuritiesMenuHandler.java:36)
	at LuseDma.ussd.handlers.SecuritiesMenuHandler.runSession(SecuritiesMenuHandler.java:28)
	at LuseDma.ussd.handlers.MainMenuHandler.runOptionSelectedHandler(MainMenuHandler.java:41)
	at LuseDma.ussd.handlers.MainMenuHandler.runSession(MainMenuHandler.java:31)
	at LuseDma.ussd.handlers.USSDEngineCoreHandler.runUSSDSession(USSDEngineCoreHandler.java:82)
	at LuseDma.ussd.handlers.USSDEngineCoreHandler.runMSISDNServiceContinue(USSDEngineCoreHandler.java:70)
	at LuseDma.ussd.handlers.USSDEngineCoreHandler.runUSSDSessionHandler(USSDEngineCoreHandler.java:31)
	at LuseDma.ussd.testers.WIFIUSSDTester.main(WIFIUSSDTester.java:37)
main]:[2020-12-10 11:14:47,962] Exception:
java.lang.NullPointerException
	at LuseDma.ussd.handlers.SecuritiesListHandler.securityOptionSelector(SecuritiesListHandler.java:128)
	at LuseDma.ussd.handlers.SecuritiesListHandler.runSession(SecuritiesListHandler.java:95)
	at LuseDma.ussd.handlers.SecuritiesExploreHandler.runOptionSelectedHandler(SecuritiesExploreHandler.java:50)
	at LuseDma.ussd.handlers.SecuritiesExploreHandler.runSession(SecuritiesExploreHandler.java:33)
	at LuseDma.ussd.handlers.SecuritiesMenuHandler.runOptionSelectedHandler(SecuritiesMenuHandler.java:36)
	at LuseDma.ussd.handlers.SecuritiesMenuHandler.runSession(SecuritiesMenuHandler.java:28)
	at LuseDma.ussd.handlers.MainMenuHandler.runOptionSelectedHandler(MainMenuHandler.java:41)
	at LuseDma.ussd.handlers.MainMenuHandler.runSession(MainMenuHandler.java:31)
	at LuseDma.ussd.handlers.USSDEngineCoreHandler.runUSSDSession(USSDEngineCoreHandler.java:82)
	at LuseDma.ussd.handlers.USSDEngineCoreHandler.runMSISDNServiceContinue(USSDEngineCoreHandler.java:70)
	at LuseDma.ussd.handlers.USSDEngineCoreHandler.runUSSDSessionHandler(USSDEngineCoreHandler.java:31)
	at LuseDma.ussd.testers.WIFIUSSDTester.main(WIFIUSSDTester.java:37)
main]:[2020-12-10 16:04:35,371] Exception:
java.lang.NumberFormatException: For input string: "A"
	at java.base/java.lang.NumberFormatException.forInputString(NumberFormatException.java:68)
	at java.base/java.lang.Integer.parseInt(Integer.java:652)
	at java.base/java.lang.Integer.parseInt(Integer.java:770)
	at LuseDma.ussd.helpers.USSDSession.setSessionLevelOption(USSDSession.java:120)
	at LuseDma.ussd.handlers.USSDEngineCoreHandler.runUSSDSession(USSDEngineCoreHandler.java:80)
	at LuseDma.ussd.handlers.USSDEngineCoreHandler.runMSISDNServiceContinue(USSDEngineCoreHandler.java:70)
	at LuseDma.ussd.handlers.USSDEngineCoreHandler.runUSSDSessionHandler(USSDEngineCoreHandler.java:31)
	at LuseDma.ussd.testers.WIFIUSSDTester.main(WIFIUSSDTester.java:38)
main]:[2020-12-10 16:06:56,989] Exception:
java.lang.NumberFormatException: For input string: "A"
	at java.base/java.lang.NumberFormatException.forInputString(NumberFormatException.java:68)
	at java.base/java.lang.Integer.parseInt(Integer.java:652)
	at java.base/java.lang.Integer.parseInt(Integer.java:770)
	at LuseDma.ussd.helpers.USSDSession.setSessionLevelOption(USSDSession.java:120)
	at LuseDma.ussd.handlers.USSDEngineCoreHandler.runUSSDSession(USSDEngineCoreHandler.java:80)
	at LuseDma.ussd.handlers.USSDEngineCoreHandler.runMSISDNServiceContinue(USSDEngineCoreHandler.java:70)
	at LuseDma.ussd.handlers.USSDEngineCoreHandler.runUSSDSessionHandler(USSDEngineCoreHandler.java:31)
	at LuseDma.ussd.testers.WIFIUSSDTester.main(WIFIUSSDTester.java:38)
main]:[2020-12-10 16:45:53,487] Exception:
java.lang.NumberFormatException: For input string: "A"
	at java.base/java.lang.NumberFormatException.forInputString(NumberFormatException.java:68)
	at java.base/java.lang.Integer.parseInt(Integer.java:652)
	at java.base/java.lang.Integer.parseInt(Integer.java:770)
	at LuseDma.ussd.helpers.USSDSession.setSessionLevelOption(USSDSession.java:120)
	at LuseDma.ussd.handlers.USSDEngineCoreHandler.runUSSDSession(USSDEngineCoreHandler.java:80)
	at LuseDma.ussd.handlers.USSDEngineCoreHandler.runMSISDNServiceContinue(USSDEngineCoreHandler.java:70)
	at LuseDma.ussd.handlers.USSDEngineCoreHandler.runUSSDSessionHandler(USSDEngineCoreHandler.java:31)
	at LuseDma.ussd.testers.WIFIUSSDTester.main(WIFIUSSDTester.java:38)
main]:[2020-12-10 16:46:17,587] Exception:
java.lang.NumberFormatException: For input string: "A"
	at java.base/java.lang.NumberFormatException.forInputString(NumberFormatException.java:68)
	at java.base/java.lang.Integer.parseInt(Integer.java:652)
	at java.base/java.lang.Integer.parseInt(Integer.java:770)
	at LuseDma.ussd.helpers.USSDSession.setSessionLevelOption(USSDSession.java:120)
	at LuseDma.ussd.handlers.USSDEngineCoreHandler.runUSSDSession(USSDEngineCoreHandler.java:80)
	at LuseDma.ussd.handlers.USSDEngineCoreHandler.runMSISDNServiceContinue(USSDEngineCoreHandler.java:70)
	at LuseDma.ussd.handlers.USSDEngineCoreHandler.runUSSDSessionHandler(USSDEngineCoreHandler.java:31)
	at LuseDma.ussd.testers.WIFIUSSDTester.main(WIFIUSSDTester.java:38)
main]:[2020-12-10 16:54:50,387] Exception:
java.lang.NumberFormatException: For input string: "A"
	at java.base/java.lang.NumberFormatException.forInputString(NumberFormatException.java:68)
	at java.base/java.lang.Integer.parseInt(Integer.java:652)
	at java.base/java.lang.Integer.parseInt(Integer.java:770)
	at LuseDma.ussd.helpers.USSDSession.setSessionLevelOption(USSDSession.java:120)
	at LuseDma.ussd.handlers.USSDEngineCoreHandler.runUSSDSession(USSDEngineCoreHandler.java:80)
	at LuseDma.ussd.handlers.USSDEngineCoreHandler.runMSISDNServiceContinue(USSDEngineCoreHandler.java:70)
	at LuseDma.ussd.handlers.USSDEngineCoreHandler.runUSSDSessionHandler(USSDEngineCoreHandler.java:31)
	at LuseDma.ussd.testers.WIFIUSSDTester.main(WIFIUSSDTester.java:38)
main]:[2020-12-11 09:35:58,914] Exception:
java.lang.NumberFormatException: For input string: "Price cannot be greater than 23.112499999999997"
	at java.base/jdk.internal.math.FloatingDecimal.readJavaFormatString(FloatingDecimal.java:2054)
	at java.base/jdk.internal.math.FloatingDecimal.parseDouble(FloatingDecimal.java:110)
	at java.base/java.lang.Double.parseDouble(Double.java:549)
	at LuseDma.ussd.views.SecurityExploreView.securityPrice(SecurityExploreView.java:201)
	at LuseDma.ussd.handlers.SecuritiesListHandler.securityPrice(SecuritiesListHandler.java:274)
	at LuseDma.ussd.handlers.SecuritiesListHandler.securityVolume(SecuritiesListHandler.java:241)
	at LuseDma.ussd.handlers.SecuritiesListHandler.clientBrokers(SecuritiesListHandler.java:217)
	at LuseDma.ussd.handlers.SecuritiesListHandler.securityDetails(SecuritiesListHandler.java:177)
	at LuseDma.ussd.handlers.SecuritiesListHandler.securityOptionSelector(SecuritiesListHandler.java:151)
	at LuseDma.ussd.handlers.SecuritiesListHandler.runSession(SecuritiesListHandler.java:98)
	at LuseDma.ussd.handlers.SecuritiesExploreHandler.runOptionSelectedHandler(SecuritiesExploreHandler.java:43)
	at LuseDma.ussd.handlers.SecuritiesExploreHandler.runSession(SecuritiesExploreHandler.java:30)
	at LuseDma.ussd.handlers.SecuritiesMenuHandler.runOptionSelectedHandler(SecuritiesMenuHandler.java:36)
	at LuseDma.ussd.handlers.SecuritiesMenuHandler.runSession(SecuritiesMenuHandler.java:28)
	at LuseDma.ussd.handlers.MainMenuHandler.runOptionSelectedHandler(MainMenuHandler.java:44)
	at LuseDma.ussd.handlers.MainMenuHandler.runSession(MainMenuHandler.java:31)
	at LuseDma.ussd.handlers.USSDEngineCoreHandler.runUSSDSession(USSDEngineCoreHandler.java:82)
	at LuseDma.ussd.handlers.USSDEngineCoreHandler.runMSISDNServiceContinue(USSDEngineCoreHandler.java:70)
	at LuseDma.ussd.handlers.USSDEngineCoreHandler.runUSSDSessionHandler(USSDEngineCoreHandler.java:31)
	at LuseDma.ussd.testers.WIFIUSSDTester.main(WIFIUSSDTester.java:38)
main]:[2020-12-11 09:36:37,077] Exception:
java.lang.NumberFormatException: For input string: "Price cannot be greater than 23.112499999999997"
	at java.base/jdk.internal.math.FloatingDecimal.readJavaFormatString(FloatingDecimal.java:2054)
	at java.base/jdk.internal.math.FloatingDecimal.parseDouble(FloatingDecimal.java:110)
	at java.base/java.lang.Double.parseDouble(Double.java:549)
	at LuseDma.ussd.views.SecurityExploreView.securityPrice(SecurityExploreView.java:201)
	at LuseDma.ussd.handlers.SecuritiesListHandler.securityPrice(SecuritiesListHandler.java:274)
	at LuseDma.ussd.handlers.SecuritiesListHandler.securityVolume(SecuritiesListHandler.java:241)
	at LuseDma.ussd.handlers.SecuritiesListHandler.clientBrokers(SecuritiesListHandler.java:217)
	at LuseDma.ussd.handlers.SecuritiesListHandler.securityDetails(SecuritiesListHandler.java:177)
	at LuseDma.ussd.handlers.SecuritiesListHandler.securityOptionSelector(SecuritiesListHandler.java:151)
	at LuseDma.ussd.handlers.SecuritiesListHandler.runSession(SecuritiesListHandler.java:98)
	at LuseDma.ussd.handlers.SecuritiesExploreHandler.runOptionSelectedHandler(SecuritiesExploreHandler.java:43)
	at LuseDma.ussd.handlers.SecuritiesExploreHandler.runSession(SecuritiesExploreHandler.java:30)
	at LuseDma.ussd.handlers.SecuritiesMenuHandler.runOptionSelectedHandler(SecuritiesMenuHandler.java:36)
	at LuseDma.ussd.handlers.SecuritiesMenuHandler.runSession(SecuritiesMenuHandler.java:28)
	at LuseDma.ussd.handlers.MainMenuHandler.runOptionSelectedHandler(MainMenuHandler.java:44)
	at LuseDma.ussd.handlers.MainMenuHandler.runSession(MainMenuHandler.java:31)
	at LuseDma.ussd.handlers.USSDEngineCoreHandler.runUSSDSession(USSDEngineCoreHandler.java:82)
	at LuseDma.ussd.handlers.USSDEngineCoreHandler.runMSISDNServiceContinue(USSDEngineCoreHandler.java:70)
	at LuseDma.ussd.handlers.USSDEngineCoreHandler.runUSSDSessionHandler(USSDEngineCoreHandler.java:31)
	at LuseDma.ussd.testers.WIFIUSSDTester.main(WIFIUSSDTester.java:38)
